

Started GET "/" for 192.168.110.130 at 2015-03-25 14:47:53 +0100

Mysql2::Error (Can't connect to local MySQL server through socket '/var/lib/mysql/mysql.sock' (2)):
  mysql2 (0.3.16) lib/mysql2/client.rb:70:in `connect'
  mysql2 (0.3.16) lib/mysql2/client.rb:70:in `initialize'
  activerecord (4.1.0) lib/active_record/connection_adapters/mysql2_adapter.rb:18:in `new'
  activerecord (4.1.0) lib/active_record/connection_adapters/mysql2_adapter.rb:18:in `mysql2_connection'
  activerecord (4.1.0) lib/active_record/connection_adapters/abstract/connection_pool.rb:435:in `new_connection'
  activerecord (4.1.0) lib/active_record/connection_adapters/abstract/connection_pool.rb:445:in `checkout_new_connection'
  activerecord (4.1.0) lib/active_record/connection_adapters/abstract/connection_pool.rb:416:in `acquire_connection'
  activerecord (4.1.0) lib/active_record/connection_adapters/abstract/connection_pool.rb:351:in `block in checkout'
  /usr/local/rvm/rubies/ruby-2.1.5/lib/ruby/2.1.0/monitor.rb:211:in `mon_synchronize'
  activerecord (4.1.0) lib/active_record/connection_adapters/abstract/connection_pool.rb:350:in `checkout'
  activerecord (4.1.0) lib/active_record/connection_adapters/abstract/connection_pool.rb:265:in `block in connection'
  /usr/local/rvm/rubies/ruby-2.1.5/lib/ruby/2.1.0/monitor.rb:211:in `mon_synchronize'
  activerecord (4.1.0) lib/active_record/connection_adapters/abstract/connection_pool.rb:264:in `connection'
  activerecord (4.1.0) lib/active_record/connection_adapters/abstract/connection_pool.rb:541:in `retrieve_connection'
  activerecord (4.1.0) lib/active_record/connection_handling.rb:113:in `retrieve_connection'
  activerecord (4.1.0) lib/active_record/connection_handling.rb:87:in `connection'
  activerecord (4.1.0) lib/active_record/migration.rb:388:in `check_pending!'
  activerecord (4.1.0) lib/active_record/migration.rb:377:in `call'
  actionpack (4.1.0) lib/action_dispatch/middleware/callbacks.rb:29:in `block in call'
  activesupport (4.1.0) lib/active_support/callbacks.rb:82:in `run_callbacks'
  actionpack (4.1.0) lib/action_dispatch/middleware/callbacks.rb:27:in `call'
  actionpack (4.1.0) lib/action_dispatch/middleware/reloader.rb:73:in `call'
  actionpack (4.1.0) lib/action_dispatch/middleware/remote_ip.rb:76:in `call'
  actionpack (4.1.0) lib/action_dispatch/middleware/debug_exceptions.rb:17:in `call'
  actionpack (4.1.0) lib/action_dispatch/middleware/show_exceptions.rb:30:in `call'
  railties (4.1.0) lib/rails/rack/logger.rb:38:in `call_app'
  railties (4.1.0) lib/rails/rack/logger.rb:20:in `block in call'
  activesupport (4.1.0) lib/active_support/tagged_logging.rb:68:in `block in tagged'
  activesupport (4.1.0) lib/active_support/tagged_logging.rb:26:in `tagged'
  activesupport (4.1.0) lib/active_support/tagged_logging.rb:68:in `tagged'
  railties (4.1.0) lib/rails/rack/logger.rb:20:in `call'
  actionpack (4.1.0) lib/action_dispatch/middleware/request_id.rb:21:in `call'
  rack (1.5.2) lib/rack/methodoverride.rb:21:in `call'
  rack (1.5.2) lib/rack/runtime.rb:17:in `call'
  activesupport (4.1.0) lib/active_support/cache/strategy/local_cache_middleware.rb:26:in `call'
  rack (1.5.2) lib/rack/lock.rb:17:in `call'
  actionpack (4.1.0) lib/action_dispatch/middleware/static.rb:64:in `call'
  rack (1.5.2) lib/rack/sendfile.rb:112:in `call'
  railties (4.1.0) lib/rails/engine.rb:514:in `call'
  railties (4.1.0) lib/rails/application.rb:144:in `call'
  rack (1.5.2) lib/rack/lock.rb:17:in `call'
  rack (1.5.2) lib/rack/content_length.rb:14:in `call'
  rack (1.5.2) lib/rack/handler/webrick.rb:60:in `service'
  /usr/local/rvm/rubies/ruby-2.1.5/lib/ruby/2.1.0/webrick/httpserver.rb:138:in `service'
  /usr/local/rvm/rubies/ruby-2.1.5/lib/ruby/2.1.0/webrick/httpserver.rb:94:in `run'
  /usr/local/rvm/rubies/ruby-2.1.5/lib/ruby/2.1.0/webrick/server.rb:295:in `block in start_thread'


  Rendered /usr/local/rvm/gems/ruby-2.1.5/gems/actionpack-4.1.0/lib/action_dispatch/middleware/templates/rescues/_source.erb (3.0ms)
  Rendered /usr/local/rvm/gems/ruby-2.1.5/gems/actionpack-4.1.0/lib/action_dispatch/middleware/templates/rescues/_trace.html.erb (5.4ms)
  Rendered /usr/local/rvm/gems/ruby-2.1.5/gems/actionpack-4.1.0/lib/action_dispatch/middleware/templates/rescues/_request_and_response.html.erb (3.6ms)
  Rendered /usr/local/rvm/gems/ruby-2.1.5/gems/actionpack-4.1.0/lib/action_dispatch/middleware/templates/rescues/diagnostics.erb within rescues/layout (106.1ms)


Started GET "/" for 192.168.110.130 at 2015-03-25 14:50:08 +0100

ActiveRecord::PendingMigrationError (

Migrations are pending. To resolve this issue, run:

	bin/rake db:migrate RAILS_ENV=development

):
  activerecord (4.1.0) lib/active_record/migration.rb:389:in `check_pending!'
  activerecord (4.1.0) lib/active_record/migration.rb:377:in `call'
  actionpack (4.1.0) lib/action_dispatch/middleware/callbacks.rb:29:in `block in call'
  activesupport (4.1.0) lib/active_support/callbacks.rb:82:in `run_callbacks'
  actionpack (4.1.0) lib/action_dispatch/middleware/callbacks.rb:27:in `call'
  actionpack (4.1.0) lib/action_dispatch/middleware/reloader.rb:73:in `call'
  actionpack (4.1.0) lib/action_dispatch/middleware/remote_ip.rb:76:in `call'
  actionpack (4.1.0) lib/action_dispatch/middleware/debug_exceptions.rb:17:in `call'
  actionpack (4.1.0) lib/action_dispatch/middleware/show_exceptions.rb:30:in `call'
  railties (4.1.0) lib/rails/rack/logger.rb:38:in `call_app'
  railties (4.1.0) lib/rails/rack/logger.rb:20:in `block in call'
  activesupport (4.1.0) lib/active_support/tagged_logging.rb:68:in `block in tagged'
  activesupport (4.1.0) lib/active_support/tagged_logging.rb:26:in `tagged'
  activesupport (4.1.0) lib/active_support/tagged_logging.rb:68:in `tagged'
  railties (4.1.0) lib/rails/rack/logger.rb:20:in `call'
  actionpack (4.1.0) lib/action_dispatch/middleware/request_id.rb:21:in `call'
  rack (1.5.2) lib/rack/methodoverride.rb:21:in `call'
  rack (1.5.2) lib/rack/runtime.rb:17:in `call'
  activesupport (4.1.0) lib/active_support/cache/strategy/local_cache_middleware.rb:26:in `call'
  rack (1.5.2) lib/rack/lock.rb:17:in `call'
  actionpack (4.1.0) lib/action_dispatch/middleware/static.rb:64:in `call'
  rack (1.5.2) lib/rack/sendfile.rb:112:in `call'
  railties (4.1.0) lib/rails/engine.rb:514:in `call'
  railties (4.1.0) lib/rails/application.rb:144:in `call'
  rack (1.5.2) lib/rack/lock.rb:17:in `call'
  rack (1.5.2) lib/rack/content_length.rb:14:in `call'
  rack (1.5.2) lib/rack/handler/webrick.rb:60:in `service'
  /usr/local/rvm/rubies/ruby-2.1.5/lib/ruby/2.1.0/webrick/httpserver.rb:138:in `service'
  /usr/local/rvm/rubies/ruby-2.1.5/lib/ruby/2.1.0/webrick/httpserver.rb:94:in `run'
  /usr/local/rvm/rubies/ruby-2.1.5/lib/ruby/2.1.0/webrick/server.rb:295:in `block in start_thread'


  Rendered /usr/local/rvm/gems/ruby-2.1.5/gems/actionpack-4.1.0/lib/action_dispatch/middleware/templates/rescues/_source.erb (8.1ms)
  Rendered /usr/local/rvm/gems/ruby-2.1.5/gems/actionpack-4.1.0/lib/action_dispatch/middleware/templates/rescues/_trace.html.erb (7.1ms)
  Rendered /usr/local/rvm/gems/ruby-2.1.5/gems/actionpack-4.1.0/lib/action_dispatch/middleware/templates/rescues/_request_and_response.html.erb (9.5ms)
  Rendered /usr/local/rvm/gems/ruby-2.1.5/gems/actionpack-4.1.0/lib/action_dispatch/middleware/templates/rescues/diagnostics.erb within rescues/layout (106.5ms)
  [1m[36m (7.4ms)[0m  [1mCREATE TABLE "schema_migrations" ("version" varchar(255) NOT NULL) [0m
  [1m[35m (0.3ms)[0m  select sqlite_version(*)
  [1m[36m (8.3ms)[0m  [1mCREATE UNIQUE INDEX "unique_schema_migrations" ON "schema_migrations" ("version")[0m
  [1m[35mActiveRecord::SchemaMigration Load (0.3ms)[0m  SELECT "schema_migrations".* FROM "schema_migrations"
Migrating to CreateUsers (20140629153913)
  [1m[36m (0.2ms)[0m  [1mbegin transaction[0m
  [1m[35m (2.3ms)[0m  CREATE TABLE "users" ("id" INTEGER PRIMARY KEY AUTOINCREMENT NOT NULL, "first_name" varchar(255), "last_name" varchar(255), "email" varchar(255), "phone" varchar(255), "created_at" datetime, "updated_at" datetime) 
  [1m[36mSQL (1.4ms)[0m  [1mINSERT INTO "schema_migrations" ("version") VALUES (?)[0m  [["version", "20140629153913"]]
  [1m[35m (7.9ms)[0m  commit transaction
Migrating to CreateAddresses (20140818112518)
  [1m[36m (0.2ms)[0m  [1mbegin transaction[0m
  [1m[35m (2.0ms)[0m  CREATE TABLE "addresses" ("id" INTEGER PRIMARY KEY AUTOINCREMENT NOT NULL, "street1" varchar(255), "street2" varchar(255), "city" varchar(255), "state" varchar(255), "country" varchar(255), "zipcode" varchar(255), "user_id" integer, "created_at" datetime, "updated_at" datetime) 
  [1m[36mSQL (1.3ms)[0m  [1mINSERT INTO "schema_migrations" ("version") VALUES (?)[0m  [["version", "20140818112518"]]
  [1m[35m (5.6ms)[0m  commit transaction
  [1m[36mActiveRecord::SchemaMigration Load (0.5ms)[0m  [1mSELECT "schema_migrations".* FROM "schema_migrations"[0m


Started GET "/" for 192.168.110.130 at 2015-03-25 14:50:37 +0100
  [1m[36mActiveRecord::SchemaMigration Load (0.7ms)[0m  [1mSELECT "schema_migrations".* FROM "schema_migrations"[0m
Processing by UsersController#index as HTML
  Rendered users/index.html.erb within layouts/application (1.9ms)
Completed 500 Internal Server Error in 516ms

ActionView::Template::Error (Could not find a JavaScript runtime. See https://github.com/sstephenson/execjs for a list of available runtimes.
  (in /usr/local/rvm/gems/ruby-2.1.5/gems/turbolinks-2.2.2/lib/assets/javascripts/turbolinks.js.coffee)):
    3: <head>
    4:   <title>Rails4CrudWithAngularjs</title>
    5:   <%= stylesheet_link_tag    'application', media: 'all', 'data-turbolinks-track' => true %>
    6:   <%= javascript_include_tag 'application', 'data-turbolinks-track' => true %>
    7:   <%= csrf_meta_tags %>
    8: </head>
    9: <body>
  app/views/layouts/application.html.erb:6:in `_app_views_layouts_application_html_erb___539802458161169971_30524580'
  app/controllers/users_controller.rb:7:in `index'


  Rendered /usr/local/rvm/gems/ruby-2.1.5/gems/actionpack-4.1.0/lib/action_dispatch/middleware/templates/rescues/_trace.html.erb (9.8ms)
  Rendered /usr/local/rvm/gems/ruby-2.1.5/gems/actionpack-4.1.0/lib/action_dispatch/middleware/templates/rescues/_request_and_response.html.erb (8.3ms)
  Rendered /usr/local/rvm/gems/ruby-2.1.5/gems/actionpack-4.1.0/lib/action_dispatch/middleware/templates/rescues/template_error.html.erb within rescues/layout (79.1ms)


Started GET "/" for 192.168.110.130 at 2015-03-25 14:53:30 +0100
  [1m[36mActiveRecord::SchemaMigration Load (0.4ms)[0m  [1mSELECT "schema_migrations".* FROM "schema_migrations"[0m
Processing by UsersController#index as HTML
  Rendered users/index.html.erb within layouts/application (12.0ms)
Completed 200 OK in 1098ms (Views: 907.6ms | ActiveRecord: 0.0ms)


Started GET "/assets/bootstrap.css?body=1" for 192.168.110.130 at 2015-03-25 14:53:32 +0100


Started GET "/assets/application.css?body=1" for 192.168.110.130 at 2015-03-25 14:53:32 +0100


Started GET "/assets/angular-route.js?body=1" for 192.168.110.130 at 2015-03-25 14:53:32 +0100


Started GET "/assets/turbolinks.js?body=1" for 192.168.110.130 at 2015-03-25 14:53:32 +0100


Started GET "/assets/angular-resource.js?body=1" for 192.168.110.130 at 2015-03-25 14:53:32 +0100


Started GET "/assets/angular.js?body=1" for 192.168.110.130 at 2015-03-25 14:53:32 +0100


Started GET "/assets/angular-ui-bootstrap.js?body=1" for 192.168.110.130 at 2015-03-25 14:53:32 +0100


Started GET "/assets/angular/controller/users_controller.js?body=1" for 192.168.110.130 at 2015-03-25 14:53:32 +0100


Started GET "/assets/application.js?body=1" for 192.168.110.130 at 2015-03-25 14:53:32 +0100


Started GET "/users.json" for 192.168.110.130 at 2015-03-25 14:53:32 +0100
Processing by UsersController#index as JSON
  [1m[35mUser Load (0.2ms)[0m  SELECT "users".* FROM "users"
Completed 200 OK in 2ms (Views: 0.2ms | ActiveRecord: 0.2ms)


Started POST "/users.json" for 192.168.110.130 at 2015-03-25 15:00:10 +0100
Processing by UsersController#create as JSON
  Parameters: {"user"=>{"addresses"=>[{"street1"=>"7460 warren pkwy", "street2"=>"", "city"=>"frisco", "state"=>"tx", "country"=>"USA", "zipcode"=>"75034"}, {"street1"=>"", "street2"=>"", "city"=>"", "state"=>"", "country"=>"", "zipcode"=>""}], "first_name"=>"mohamed", "last_name"=>"siddhiq", "email"=>"msiddhiq@anpi.com", "phone"=>"9566329008"}}
  [1m[36m (0.3ms)[0m  [1mbegin transaction[0m
  [1m[35mSQL (2.8ms)[0m  INSERT INTO "users" ("created_at", "email", "first_name", "last_name", "phone", "updated_at") VALUES (?, ?, ?, ?, ?, ?)  [["created_at", "2015-03-25 14:00:10.728301"], ["email", "msiddhiq@anpi.com"], ["first_name", "mohamed"], ["last_name", "siddhiq"], ["phone", "9566329008"], ["updated_at", "2015-03-25 14:00:10.728301"]]
  [1m[36mSQL (0.8ms)[0m  [1mINSERT INTO "addresses" ("city", "country", "created_at", "state", "street1", "street2", "updated_at", "user_id", "zipcode") VALUES (?, ?, ?, ?, ?, ?, ?, ?, ?)[0m  [["city", "frisco"], ["country", "USA"], ["created_at", "2015-03-25 14:00:10.745677"], ["state", "tx"], ["street1", "7460 warren pkwy"], ["street2", ""], ["updated_at", "2015-03-25 14:00:10.745677"], ["user_id", 1], ["zipcode", "75034"]]
  [1m[35m (8.5ms)[0m  commit transaction
  [1m[36mAddress Load (0.9ms)[0m  [1mSELECT "addresses".* FROM "addresses"  WHERE "addresses"."user_id" = ?[0m  [["user_id", 1]]
Completed 200 OK in 224ms (Views: 6.7ms | ActiveRecord: 17.5ms)


Started GET "/users.json" for 192.168.110.130 at 2015-03-25 15:00:11 +0100
Processing by UsersController#index as JSON
  [1m[35mUser Load (0.5ms)[0m  SELECT "users".* FROM "users"
  [1m[36mAddress Load (0.3ms)[0m  [1mSELECT "addresses".* FROM "addresses"  WHERE "addresses"."user_id" = ?[0m  [["user_id", 1]]
Completed 200 OK in 20ms (Views: 2.7ms | ActiveRecord: 0.8ms)


Started GET "/users/1.json" for 192.168.110.130 at 2015-03-25 15:00:14 +0100
Processing by UsersController#show as JSON
  Parameters: {"id"=>"1"}
  [1m[35mUser Load (0.7ms)[0m  SELECT  "users".* FROM "users"  WHERE "users"."id" = ? LIMIT 1  [["id", 1]]
  [1m[36mAddress Load (0.3ms)[0m  [1mSELECT "addresses".* FROM "addresses"  WHERE "addresses"."user_id" = ?[0m  [["user_id", 1]]
Completed 200 OK in 45ms (Views: 4.0ms | ActiveRecord: 1.1ms)


Started GET "/users.json" for 192.168.110.130 at 2015-03-25 15:00:18 +0100
Processing by UsersController#index as JSON
  [1m[35mUser Load (0.9ms)[0m  SELECT "users".* FROM "users"
  [1m[36mAddress Load (0.3ms)[0m  [1mSELECT "addresses".* FROM "addresses"  WHERE "addresses"."user_id" = ?[0m  [["user_id", 1]]
Completed 200 OK in 15ms (Views: 1.7ms | ActiveRecord: 1.3ms)


Started GET "/users.json" for 192.168.110.130 at 2015-03-25 15:00:21 +0100
Processing by UsersController#index as JSON
  [1m[35mUser Load (2.1ms)[0m  SELECT "users".* FROM "users"
  [1m[36mAddress Load (0.7ms)[0m  [1mSELECT "addresses".* FROM "addresses"  WHERE "addresses"."user_id" = ?[0m  [["user_id", 1]]
Completed 200 OK in 28ms (Views: 2.6ms | ActiveRecord: 2.8ms)


Started GET "/" for 192.168.110.130 at 2015-03-25 15:00:25 +0100
Processing by UsersController#index as HTML
  Rendered users/index.html.erb within layouts/application (0.2ms)
Completed 200 OK in 35ms (Views: 31.5ms | ActiveRecord: 0.0ms)


Started GET "/assets/bootstrap.css?body=1" for 192.168.110.130 at 2015-03-25 15:00:25 +0100


Started GET "/assets/application.css?body=1" for 192.168.110.130 at 2015-03-25 15:00:25 +0100


Started GET "/assets/angular.js?body=1" for 192.168.110.130 at 2015-03-25 15:00:26 +0100


Started GET "/assets/angular-route.js?body=1" for 192.168.110.130 at 2015-03-25 15:00:26 +0100


Started GET "/assets/angular-ui-bootstrap.js?body=1" for 192.168.110.130 at 2015-03-25 15:00:26 +0100


Started GET "/assets/turbolinks.js?body=1" for 192.168.110.130 at 2015-03-25 15:00:26 +0100


Started GET "/assets/angular-resource.js?body=1" for 192.168.110.130 at 2015-03-25 15:00:26 +0100


Started GET "/assets/angular/controller/users_controller.js?body=1" for 192.168.110.130 at 2015-03-25 15:00:26 +0100


Started GET "/assets/application.js?body=1" for 192.168.110.130 at 2015-03-25 15:00:26 +0100


Started GET "/users.json" for 192.168.110.130 at 2015-03-25 15:00:26 +0100
Processing by UsersController#index as JSON
  [1m[35mUser Load (0.9ms)[0m  SELECT "users".* FROM "users"
  [1m[36mAddress Load (0.4ms)[0m  [1mSELECT "addresses".* FROM "addresses"  WHERE "addresses"."user_id" = ?[0m  [["user_id", 1]]
Completed 200 OK in 16ms (Views: 1.8ms | ActiveRecord: 1.3ms)


Started GET "/" for 192.168.110.130 at 2015-03-25 15:01:14 +0100
Processing by UsersController#index as HTML
  Rendered users/index.html.erb within layouts/application (0.3ms)
Completed 200 OK in 50ms (Views: 44.4ms | ActiveRecord: 0.0ms)


Started GET "/assets/bootstrap.css?body=1" for 192.168.110.130 at 2015-03-25 15:01:14 +0100


Started GET "/assets/angular-resource.js?body=1" for 192.168.110.130 at 2015-03-25 15:01:14 +0100


Started GET "/assets/angular-ui-bootstrap.js?body=1" for 192.168.110.130 at 2015-03-25 15:01:15 +0100


Started GET "/assets/angular-route.js?body=1" for 192.168.110.130 at 2015-03-25 15:01:15 +0100


Started GET "/assets/angular.js?body=1" for 192.168.110.130 at 2015-03-25 15:01:15 +0100


Started GET "/assets/application.css?body=1" for 192.168.110.130 at 2015-03-25 15:01:15 +0100


Started GET "/assets/turbolinks.js?body=1" for 192.168.110.130 at 2015-03-25 15:01:15 +0100


Started GET "/assets/application.js?body=1" for 192.168.110.130 at 2015-03-25 15:01:15 +0100


Started GET "/assets/angular/controller/users_controller.js?body=1" for 192.168.110.130 at 2015-03-25 15:01:15 +0100


Started GET "/users.json" for 192.168.110.130 at 2015-03-25 15:01:16 +0100
Processing by UsersController#index as JSON
  [1m[35mUser Load (1.1ms)[0m  SELECT "users".* FROM "users"
  [1m[36mAddress Load (0.4ms)[0m  [1mSELECT "addresses".* FROM "addresses"  WHERE "addresses"."user_id" = ?[0m  [["user_id", 1]]
Completed 200 OK in 17ms (Views: 2.7ms | ActiveRecord: 1.5ms)


Started GET "/users.json" for 192.168.110.130 at 2015-03-25 15:02:29 +0100
Processing by UsersController#index as JSON
  [1m[35mUser Load (0.9ms)[0m  SELECT "users".* FROM "users"
  [1m[36mAddress Load (0.5ms)[0m  [1mSELECT "addresses".* FROM "addresses"  WHERE "addresses"."user_id" = ?[0m  [["user_id", 1]]
Completed 200 OK in 23ms (Views: 1.7ms | ActiveRecord: 1.3ms)


Started POST "/users.json" for 192.168.110.130 at 2015-03-25 15:04:02 +0100
Value for params[:user][:addresses] was set to nil, because it was one of [], [null] or [null, null, ...]. Go to http://guides.rubyonrails.org/security.html#unsafe-query-generation for more information.
Processing by UsersController#create as JSON
  Parameters: {"user"=>{"addresses"=>nil, "first_name"=>"bala", "last_name"=>"krish", "email"=>"krishbcs@gmail.com", "phone"=>"9566329008"}}
Unpermitted parameters: addresses
  [1m[35m (0.4ms)[0m  begin transaction
  [1m[36mSQL (2.7ms)[0m  [1mINSERT INTO "users" ("created_at", "email", "first_name", "last_name", "phone", "updated_at") VALUES (?, ?, ?, ?, ?, ?)[0m  [["created_at", "2015-03-25 14:04:02.849446"], ["email", "krishbcs@gmail.com"], ["first_name", "bala"], ["last_name", "krish"], ["phone", "9566329008"], ["updated_at", "2015-03-25 14:04:02.849446"]]
  [1m[35m (163.6ms)[0m  commit transaction
  [1m[36mAddress Load (0.9ms)[0m  [1mSELECT "addresses".* FROM "addresses"  WHERE "addresses"."user_id" = ?[0m  [["user_id", 2]]
Completed 200 OK in 201ms (Views: 1.5ms | ActiveRecord: 167.6ms)


Started GET "/users.json" for 192.168.110.130 at 2015-03-25 15:04:03 +0100
Processing by UsersController#index as JSON
  [1m[35mUser Load (0.6ms)[0m  SELECT "users".* FROM "users"
  [1m[36mAddress Load (0.6ms)[0m  [1mSELECT "addresses".* FROM "addresses"  WHERE "addresses"."user_id" = ?[0m  [["user_id", 1]]
  [1m[35mAddress Load (0.4ms)[0m  SELECT "addresses".* FROM "addresses"  WHERE "addresses"."user_id" = ?  [["user_id", 2]]
Completed 200 OK in 25ms (Views: 3.7ms | ActiveRecord: 1.6ms)


Started GET "/users/2.json" for 192.168.110.130 at 2015-03-25 15:04:05 +0100
Processing by UsersController#show as JSON
  Parameters: {"id"=>"2"}
  [1m[36mUser Load (0.6ms)[0m  [1mSELECT  "users".* FROM "users"  WHERE "users"."id" = ? LIMIT 1[0m  [["id", 2]]
  [1m[35mAddress Load (0.3ms)[0m  SELECT "addresses".* FROM "addresses"  WHERE "addresses"."user_id" = ?  [["user_id", 2]]
Completed 200 OK in 19ms (Views: 1.5ms | ActiveRecord: 0.9ms)


Started GET "/users.json" for 192.168.110.130 at 2015-03-25 15:04:06 +0100
Processing by UsersController#index as JSON
  [1m[36mUser Load (0.6ms)[0m  [1mSELECT "users".* FROM "users"[0m
  [1m[35mAddress Load (0.5ms)[0m  SELECT "addresses".* FROM "addresses"  WHERE "addresses"."user_id" = ?  [["user_id", 1]]
  [1m[36mAddress Load (0.4ms)[0m  [1mSELECT "addresses".* FROM "addresses"  WHERE "addresses"."user_id" = ?[0m  [["user_id", 2]]
Completed 200 OK in 21ms (Views: 2.8ms | ActiveRecord: 1.5ms)


Started GET "/users/1.json" for 192.168.110.130 at 2015-03-25 15:04:07 +0100
Processing by UsersController#show as JSON
  Parameters: {"id"=>"1"}
  [1m[35mUser Load (0.6ms)[0m  SELECT  "users".* FROM "users"  WHERE "users"."id" = ? LIMIT 1  [["id", 1]]
  [1m[36mAddress Load (0.7ms)[0m  [1mSELECT "addresses".* FROM "addresses"  WHERE "addresses"."user_id" = ?[0m  [["user_id", 1]]
Completed 200 OK in 26ms (Views: 3.6ms | ActiveRecord: 1.3ms)


Started GET "/users.json" for 192.168.110.130 at 2015-03-25 15:04:09 +0100
Processing by UsersController#index as JSON
  [1m[35mUser Load (0.6ms)[0m  SELECT "users".* FROM "users"
  [1m[36mAddress Load (0.5ms)[0m  [1mSELECT "addresses".* FROM "addresses"  WHERE "addresses"."user_id" = ?[0m  [["user_id", 1]]
  [1m[35mAddress Load (0.5ms)[0m  SELECT "addresses".* FROM "addresses"  WHERE "addresses"."user_id" = ?  [["user_id", 2]]
Completed 200 OK in 25ms (Views: 2.7ms | ActiveRecord: 1.6ms)


Started GET "/users/1.json" for 192.168.110.130 at 2015-03-25 15:04:11 +0100
Processing by UsersController#show as JSON
  Parameters: {"id"=>"1"}
  [1m[36mUser Load (0.5ms)[0m  [1mSELECT  "users".* FROM "users"  WHERE "users"."id" = ? LIMIT 1[0m  [["id", 1]]
  [1m[35mAddress Load (0.6ms)[0m  SELECT "addresses".* FROM "addresses"  WHERE "addresses"."user_id" = ?  [["user_id", 1]]
Completed 200 OK in 20ms (Views: 2.0ms | ActiveRecord: 1.0ms)


Started PUT "/users/1.json" for 192.168.110.130 at 2015-03-25 15:04:15 +0100
Processing by UsersController#update as JSON
  Parameters: {"user"=>{"id"=>1, "first_name"=>"mohamed", "last_name"=>"siddhiq", "email"=>"msiddhiq@anpi.com", "phone"=>"9566329008", "created_at"=>"2015-03-25T14:00:10.728Z", "updated_at"=>"2015-03-25T14:00:10.728Z", "addresses"=>[{"id"=>1, "street1"=>"7460 warren pkwy", "street2"=>"", "city"=>"frisco", "state"=>"tx", "country"=>"USA", "zipcode"=>"75034", "user_id"=>1, "created_at"=>"2015-03-25T14:00:10.745Z", "updated_at"=>"2015-03-25T14:00:10.745Z", "_destroy"=>true}]}, "id"=>"1"}
  [1m[36mUser Load (6.2ms)[0m  [1mSELECT  "users".* FROM "users"  WHERE "users"."id" = ? LIMIT 1[0m  [["id", 1]]
Unpermitted parameters: created_at, updated_at
Unpermitted parameters: id, created_at, updated_at
  [1m[35m (0.4ms)[0m  begin transaction
  [1m[36mAddress Load (1.0ms)[0m  [1mSELECT "addresses".* FROM "addresses"  WHERE "addresses"."user_id" = ? AND "addresses"."id" IN (1)[0m  [["user_id", 1]]
  [1m[35mSQL (1.5ms)[0m  DELETE FROM "addresses" WHERE "addresses"."id" = ?  [["id", 1]]
  [1m[36m (382.5ms)[0m  [1mcommit transaction[0m
  [1m[35mAddress Load (0.3ms)[0m  SELECT "addresses".* FROM "addresses"  WHERE "addresses"."user_id" = ?  [["user_id", 1]]
Completed 200 OK in 468ms (Views: 2.4ms | ActiveRecord: 391.8ms)


Started GET "/users.json" for 192.168.110.130 at 2015-03-25 15:04:16 +0100
Processing by UsersController#index as JSON
  [1m[36mUser Load (0.6ms)[0m  [1mSELECT "users".* FROM "users"[0m
  [1m[35mAddress Load (0.8ms)[0m  SELECT "addresses".* FROM "addresses"  WHERE "addresses"."user_id" = ?  [["user_id", 1]]
  [1m[36mAddress Load (0.4ms)[0m  [1mSELECT "addresses".* FROM "addresses"  WHERE "addresses"."user_id" = ?[0m  [["user_id", 2]]
Completed 200 OK in 22ms (Views: 2.6ms | ActiveRecord: 1.8ms)


Started GET "/users/1.json" for 192.168.110.130 at 2015-03-25 15:04:33 +0100
Processing by UsersController#show as JSON
  Parameters: {"id"=>"1"}
  [1m[35mUser Load (0.6ms)[0m  SELECT  "users".* FROM "users"  WHERE "users"."id" = ? LIMIT 1  [["id", 1]]
  [1m[36mAddress Load (0.4ms)[0m  [1mSELECT "addresses".* FROM "addresses"  WHERE "addresses"."user_id" = ?[0m  [["user_id", 1]]
Completed 200 OK in 31ms (Views: 3.2ms | ActiveRecord: 1.0ms)


Started GET "/users.json" for 192.168.110.130 at 2015-03-25 15:04:34 +0100
Processing by UsersController#index as JSON
  [1m[35mUser Load (0.8ms)[0m  SELECT "users".* FROM "users"
  [1m[36mAddress Load (0.6ms)[0m  [1mSELECT "addresses".* FROM "addresses"  WHERE "addresses"."user_id" = ?[0m  [["user_id", 1]]
  [1m[35mAddress Load (0.4ms)[0m  SELECT "addresses".* FROM "addresses"  WHERE "addresses"."user_id" = ?  [["user_id", 2]]
Completed 200 OK in 37ms (Views: 3.2ms | ActiveRecord: 1.8ms)
